build/app/intermediates/manifest_merge_blame_file/release/manifest-merger-blame-release-report.txt
1<?xml version="1.0" encoding="utf-8"?>
2<manifest xmlns:android="http://schemas.android.com/apk/res/android"
3    package="com.chatapp.beimo"
4    android:versionCode="2"
5    android:versionName="1.0.2" >
6
7    <uses-sdk
8        android:minSdkVersion="24"
8-->src\main\AndroidManifest.xml
9        android:targetSdkVersion="34" />
9-->src\main\AndroidManifest.xml
10
11    <uses-permission android:name="android.permission.INTERNET" />
11-->src\main\AndroidManifest.xml:3:5-67
11-->src\main\AndroidManifest.xml:3:22-64
12    <uses-permission android:name="android.permission.CAMERA" />
12-->src\main\AndroidManifest.xml:4:5-65
12-->src\main\AndroidManifest.xml:4:22-62
13    <uses-permission android:name="android.permission.ACCESS_FINE_LOCATION" />
13-->src\main\AndroidManifest.xml:5:5-79
13-->src\main\AndroidManifest.xml:5:22-76
14    <uses-permission android:name="android.permission.ACCESS_COARSE_LOCATION" />
14-->src\main\AndroidManifest.xml:6:5-81
14-->src\main\AndroidManifest.xml:6:22-78
15    <uses-permission android:name="android.permission.FLASHLIGHT" />
15-->src\main\AndroidManifest.xml:7:5-69
15-->src\main\AndroidManifest.xml:7:22-66
16
17    <uses-feature android:name="android.hardware.camera" />
17-->src\main\AndroidManifest.xml:8:5-60
17-->src\main\AndroidManifest.xml:8:19-57
18    <uses-feature android:name="android.hardware.camera.front" />
18-->src\main\AndroidManifest.xml:9:5-66
18-->src\main\AndroidManifest.xml:9:19-63
19    <uses-feature
19-->src\main\AndroidManifest.xml:10:5-86
20        android:name="android.hardware.camera2"
20-->src\main\AndroidManifest.xml:10:19-58
21        android:required="false" />
21-->src\main\AndroidManifest.xml:10:59-83
22    <uses-feature
22-->src\main\AndroidManifest.xml:11:5-95
23        android:name="android.hardware.camera.autofocus"
23-->src\main\AndroidManifest.xml:11:19-67
24        android:required="false" />
24-->src\main\AndroidManifest.xml:11:68-92
25    <uses-feature
25-->src\main\AndroidManifest.xml:12:5-91
26        android:name="android.hardware.camera.flash"
26-->src\main\AndroidManifest.xml:12:19-63
27        android:required="false" />
27-->src\main\AndroidManifest.xml:12:64-88
28
29    <uses-permission android:name="android.permission.READ_EXTERNAL_STORAGE" />
29-->src\main\AndroidManifest.xml:13:5-80
29-->src\main\AndroidManifest.xml:13:22-77
30    <uses-permission android:name="android.permission.WRITE_EXTERNAL_STORAGE" />
30-->src\main\AndroidManifest.xml:14:5-81
30-->src\main\AndroidManifest.xml:14:22-78
31    <uses-permission android:name="android.permission.READ_MEDIA_IMAGES" />
31-->src\main\AndroidManifest.xml:15:5-76
31-->src\main\AndroidManifest.xml:15:22-73
32    <uses-permission android:name="android.permission.READ_MEDIA_VIDEO" />
32-->src\main\AndroidManifest.xml:16:5-75
32-->src\main\AndroidManifest.xml:16:22-72
33    <uses-permission android:name="android.permission.READ_MEDIA_AUDIO" />
33-->src\main\AndroidManifest.xml:17:5-75
33-->src\main\AndroidManifest.xml:17:22-72
34    <uses-permission android:name="android.permission.READ_MEDIA_VISUAL_USER_SELECTED" />
34-->src\main\AndroidManifest.xml:18:5-90
34-->src\main\AndroidManifest.xml:18:22-87
35    <uses-permission android:name="android.permission.ACCESS_MEDIA_LOCATION" />
35-->src\main\AndroidManifest.xml:19:5-80
35-->src\main\AndroidManifest.xml:19:22-77
36    <uses-permission android:name="android.permission.READ_CONTACTS" />
36-->src\main\AndroidManifest.xml:20:5-72
36-->src\main\AndroidManifest.xml:20:22-69
37    <uses-permission android:name="android.permission.INTERNET" />
37-->src\main\AndroidManifest.xml:3:5-67
37-->src\main\AndroidManifest.xml:3:22-64
38    <uses-permission android:name="android.permission.RECORD_AUDIO" />
38-->src\main\AndroidManifest.xml:22:5-71
38-->src\main\AndroidManifest.xml:22:22-68
39    <uses-permission android:name="android.permission.MODIFY_AUDIO_SETTINGS" />
39-->src\main\AndroidManifest.xml:23:5-80
39-->src\main\AndroidManifest.xml:23:22-77
40    <uses-permission android:name="android.permission.ACCESS_NETWORK_STATE" />
40-->src\main\AndroidManifest.xml:24:5-79
40-->src\main\AndroidManifest.xml:24:22-76
41    <uses-permission android:name="android.permission.ACCESS_WIFI_STATE" />
41-->src\main\AndroidManifest.xml:25:5-76
41-->src\main\AndroidManifest.xml:25:22-73
42    <uses-permission android:name="android.permission.WAKE_LOCK" />
42-->src\main\AndroidManifest.xml:26:5-68
42-->src\main\AndroidManifest.xml:26:22-65
43    <uses-permission android:name="android.permission.VIBRATE" />
43-->src\main\AndroidManifest.xml:27:5-66
43-->src\main\AndroidManifest.xml:27:22-63
44    <uses-permission android:name="android.permission.FOREGROUND_SERVICE" />
44-->src\main\AndroidManifest.xml:28:5-77
44-->src\main\AndroidManifest.xml:28:22-74
45    <uses-permission android:name="android.permission.POST_NOTIFICATIONS" />
45-->src\main\AndroidManifest.xml:29:5-77
45-->src\main\AndroidManifest.xml:29:22-74
46    <uses-permission android:name="android.permission.USE_FULL_SCREEN_INTENT" />
46-->src\main\AndroidManifest.xml:30:5-81
46-->src\main\AndroidManifest.xml:30:22-78
47    <uses-permission android:name="android.permission.RECEIVE_BOOT_COMPLETED" />
47-->src\main\AndroidManifest.xml:31:5-81
47-->src\main\AndroidManifest.xml:31:22-78
48    <uses-permission android:name="android.permission.ACCESS_NOTIFICATION_POLICY" />
48-->src\main\AndroidManifest.xml:32:5-85
48-->src\main\AndroidManifest.xml:32:22-82
49    <uses-permission android:name="android.permission.CHANGE_NETWORK_STATE" />
49-->src\main\AndroidManifest.xml:33:5-79
49-->src\main\AndroidManifest.xml:33:22-76
50    <uses-permission android:name="android.permission.MANAGE_EXTERNAL_STORAGE" />
50-->src\main\AndroidManifest.xml:34:5-82
50-->src\main\AndroidManifest.xml:34:22-79
51
52    <!--
53         Required to query activities that can process text, see:
54         https://developer.android.com/training/package-visibility?hl=en and
55         https://developer.android.com/reference/android/content/Intent#ACTION_PROCESS_TEXT.
56
57         In particular, this is used by the Flutter engine in io.flutter.plugin.text.ProcessTextPlugin.
58    -->
59    <queries>
59-->src\main\AndroidManifest.xml:95:5-120:15
60        <intent>
60-->src\main\AndroidManifest.xml:96:9-99:18
61            <action android:name="android.intent.action.PROCESS_TEXT" />
61-->src\main\AndroidManifest.xml:97:13-72
61-->src\main\AndroidManifest.xml:97:21-70
62
63            <data android:mimeType="text/plain" />
63-->src\main\AndroidManifest.xml:98:13-50
63-->src\main\AndroidManifest.xml:98:19-48
64        </intent>
65        <intent>
65-->src\main\AndroidManifest.xml:100:9-103:18
66            <action android:name="android.intent.action.VIEW" />
66-->src\main\AndroidManifest.xml:101:13-65
66-->src\main\AndroidManifest.xml:101:21-62
67
68            <data android:scheme="sms" />
68-->src\main\AndroidManifest.xml:98:13-50
68-->src\main\AndroidManifest.xml:71:23-44
69        </intent>
70        <!-- If your app checks for call support -->
71        <intent>
71-->src\main\AndroidManifest.xml:105:9-108:18
72            <action android:name="android.intent.action.VIEW" />
72-->src\main\AndroidManifest.xml:101:13-65
72-->src\main\AndroidManifest.xml:101:21-62
73
74            <data android:scheme="tel" />
74-->src\main\AndroidManifest.xml:98:13-50
74-->src\main\AndroidManifest.xml:71:23-44
75        </intent>
76
77        <!-- Place inside the <queries> element. -->
78        <intent>
78-->src\main\AndroidManifest.xml:111:9-115:18
79            <action android:name="android.intent.action.VIEW" />
79-->src\main\AndroidManifest.xml:101:13-65
79-->src\main\AndroidManifest.xml:101:21-62
80
81            <category android:name="android.intent.category.BROWSABLE" />
81-->src\main\AndroidManifest.xml:113:13-74
81-->src\main\AndroidManifest.xml:113:23-71
82
83            <data android:scheme="https" />
83-->src\main\AndroidManifest.xml:98:13-50
83-->src\main\AndroidManifest.xml:71:23-44
84        </intent>
85        <!-- If your application checks for inAppBrowserView launch mode support -->
86        <intent>
86-->src\main\AndroidManifest.xml:117:9-119:18
87            <action android:name="android.support.customtabs.action.CustomTabsService" />
87-->src\main\AndroidManifest.xml:118:13-90
87-->src\main\AndroidManifest.xml:118:21-87
88        </intent>
89        <intent>
89-->[:file_picker] AndroidManifest.xml:10:9-14:18
90            <action android:name="android.intent.action.GET_CONTENT" />
90-->[:file_picker] AndroidManifest.xml:11:13-72
90-->[:file_picker] AndroidManifest.xml:11:21-69
91
92            <data android:mimeType="*/*" />
92-->src\main\AndroidManifest.xml:98:13-50
92-->src\main\AndroidManifest.xml:98:19-48
93        </intent>
94        <intent>
94-->[com.android.billingclient:billing:7.1.1] AndroidManifest.xml:13:9-15:18
95            <action android:name="com.android.vending.billing.InAppBillingService.BIND" />
95-->[com.android.billingclient:billing:7.1.1] AndroidManifest.xml:14:13-91
95-->[com.android.billingclient:billing:7.1.1] AndroidManifest.xml:14:21-88
96        </intent>
97        <intent>
97-->[com.android.billingclient:billing:7.1.1] AndroidManifest.xml:16:9-18:18
98            <action android:name="com.google.android.apps.play.billingtestcompanion.BillingOverrideService.BIND" />
98-->[com.android.billingclient:billing:7.1.1] AndroidManifest.xml:17:13-116
98-->[com.android.billingclient:billing:7.1.1] AndroidManifest.xml:17:21-113
99        </intent> <!-- Needs to be explicitly declared on Android R+ -->
100        <package android:name="com.google.android.apps.maps" />
100-->[com.google.android.gms:play-services-maps:18.2.0] AndroidManifest.xml:33:9-64
100-->[com.google.android.gms:play-services-maps:18.2.0] AndroidManifest.xml:33:18-61
101    </queries>
102    <!-- Create a unique permission for your app and use it so only your app can receive your OneSignal messages. -->
103    <permission
103-->[com.onesignal:notifications:5.1.35] AndroidManifest.xml:8:5-10:47
104        android:name="com.chatapp.beimo.permission.C2D_MESSAGE"
104-->[com.onesignal:notifications:5.1.35] AndroidManifest.xml:9:9-63
105        android:protectionLevel="signature" />
105-->[com.onesignal:notifications:5.1.35] AndroidManifest.xml:10:9-44
106
107    <uses-permission android:name="com.chatapp.beimo.permission.C2D_MESSAGE" /> <!-- c2dm RECEIVE are basic requirements for push messages through Google's FCM -->
107-->[com.onesignal:notifications:5.1.35] AndroidManifest.xml:12:5-79
107-->[com.onesignal:notifications:5.1.35] AndroidManifest.xml:12:22-76
108    <uses-permission android:name="com.google.android.c2dm.permission.RECEIVE" /> <!-- START: ShortcutBadger -->
108-->[com.onesignal:notifications:5.1.35] AndroidManifest.xml:17:5-82
108-->[com.onesignal:notifications:5.1.35] AndroidManifest.xml:17:22-79
109    <!-- Samsung -->
110    <uses-permission android:name="com.sec.android.provider.badge.permission.READ" />
110-->[com.onesignal:notifications:5.1.35] AndroidManifest.xml:29:5-86
110-->[com.onesignal:notifications:5.1.35] AndroidManifest.xml:29:22-83
111    <uses-permission android:name="com.sec.android.provider.badge.permission.WRITE" /> <!-- HTC -->
111-->[com.onesignal:notifications:5.1.35] AndroidManifest.xml:30:5-87
111-->[com.onesignal:notifications:5.1.35] AndroidManifest.xml:30:22-84
112    <uses-permission android:name="com.htc.launcher.permission.READ_SETTINGS" />
112-->[com.onesignal:notifications:5.1.35] AndroidManifest.xml:31:5-81
112-->[com.onesignal:notifications:5.1.35] AndroidManifest.xml:31:22-78
113    <uses-permission android:name="com.htc.launcher.permission.UPDATE_SHORTCUT" /> <!-- Sony -->
113-->[com.onesignal:notifications:5.1.35] AndroidManifest.xml:32:5-83
113-->[com.onesignal:notifications:5.1.35] AndroidManifest.xml:32:22-80
114    <uses-permission android:name="com.sonyericsson.home.permission.BROADCAST_BADGE" />
114-->[com.onesignal:notifications:5.1.35] AndroidManifest.xml:33:5-88
114-->[com.onesignal:notifications:5.1.35] AndroidManifest.xml:33:22-85
115    <uses-permission android:name="com.sonymobile.home.permission.PROVIDER_INSERT_BADGE" /> <!-- Apex -->
115-->[com.onesignal:notifications:5.1.35] AndroidManifest.xml:34:5-92
115-->[com.onesignal:notifications:5.1.35] AndroidManifest.xml:34:22-89
116    <uses-permission android:name="com.anddoes.launcher.permission.UPDATE_COUNT" /> <!-- Solid -->
116-->[com.onesignal:notifications:5.1.35] AndroidManifest.xml:35:5-84
116-->[com.onesignal:notifications:5.1.35] AndroidManifest.xml:35:22-81
117    <uses-permission android:name="com.majeur.launcher.permission.UPDATE_BADGE" /> <!-- Huawei -->
117-->[com.onesignal:notifications:5.1.35] AndroidManifest.xml:36:5-83
117-->[com.onesignal:notifications:5.1.35] AndroidManifest.xml:36:22-80
118    <uses-permission android:name="com.huawei.android.launcher.permission.CHANGE_BADGE" />
118-->[com.onesignal:notifications:5.1.35] AndroidManifest.xml:37:5-91
118-->[com.onesignal:notifications:5.1.35] AndroidManifest.xml:37:22-88
119    <uses-permission android:name="com.huawei.android.launcher.permission.READ_SETTINGS" />
119-->[com.onesignal:notifications:5.1.35] AndroidManifest.xml:38:5-92
119-->[com.onesignal:notifications:5.1.35] AndroidManifest.xml:38:22-89
120    <uses-permission android:name="com.huawei.android.launcher.permission.WRITE_SETTINGS" /> <!-- ZUK -->
120-->[com.onesignal:notifications:5.1.35] AndroidManifest.xml:39:5-93
120-->[com.onesignal:notifications:5.1.35] AndroidManifest.xml:39:22-90
121    <uses-permission android:name="android.permission.READ_APP_BADGE" /> <!-- OPPO -->
121-->[com.onesignal:notifications:5.1.35] AndroidManifest.xml:40:5-73
121-->[com.onesignal:notifications:5.1.35] AndroidManifest.xml:40:22-70
122    <uses-permission android:name="com.oppo.launcher.permission.READ_SETTINGS" />
122-->[com.onesignal:notifications:5.1.35] AndroidManifest.xml:41:5-82
122-->[com.onesignal:notifications:5.1.35] AndroidManifest.xml:41:22-79
123    <uses-permission android:name="com.oppo.launcher.permission.WRITE_SETTINGS" /> <!-- EvMe -->
123-->[com.onesignal:notifications:5.1.35] AndroidManifest.xml:42:5-83
123-->[com.onesignal:notifications:5.1.35] AndroidManifest.xml:42:22-80
124    <uses-permission android:name="me.everything.badger.permission.BADGE_COUNT_READ" />
124-->[com.onesignal:notifications:5.1.35] AndroidManifest.xml:43:5-88
124-->[com.onesignal:notifications:5.1.35] AndroidManifest.xml:43:22-85
125    <uses-permission android:name="me.everything.badger.permission.BADGE_COUNT_WRITE" />
125-->[com.onesignal:notifications:5.1.35] AndroidManifest.xml:44:5-89
125-->[com.onesignal:notifications:5.1.35] AndroidManifest.xml:44:22-86
126    <uses-permission android:name="com.android.vending.BILLING" />
126-->[com.android.billingclient:billing:7.1.1] AndroidManifest.xml:10:5-67
126-->[com.android.billingclient:billing:7.1.1] AndroidManifest.xml:10:22-64
127
128    <uses-feature
128-->[com.google.android.gms:play-services-maps:18.2.0] AndroidManifest.xml:26:5-28:35
129        android:glEsVersion="0x00020000"
129-->[com.google.android.gms:play-services-maps:18.2.0] AndroidManifest.xml:27:9-41
130        android:required="true" />
130-->[com.google.android.gms:play-services-maps:18.2.0] AndroidManifest.xml:28:9-32
131
132    <uses-permission android:name="com.google.android.providers.gsf.permission.READ_GSERVICES" />
132-->[com.google.android.recaptcha:recaptcha:18.4.0] AndroidManifest.xml:9:5-98
132-->[com.google.android.recaptcha:recaptcha:18.4.0] AndroidManifest.xml:9:22-95
133
134    <permission
134-->[androidx.core:core:1.13.1] AndroidManifest.xml:22:5-24:47
135        android:name="com.chatapp.beimo.DYNAMIC_RECEIVER_NOT_EXPORTED_PERMISSION"
135-->[androidx.core:core:1.13.1] AndroidManifest.xml:23:9-81
136        android:protectionLevel="signature" />
136-->[androidx.core:core:1.13.1] AndroidManifest.xml:24:9-44
137
138    <uses-permission android:name="com.chatapp.beimo.DYNAMIC_RECEIVER_NOT_EXPORTED_PERMISSION" />
138-->[androidx.core:core:1.13.1] AndroidManifest.xml:26:5-97
138-->[androidx.core:core:1.13.1] AndroidManifest.xml:26:22-94
139    <uses-permission
139-->[com.github.davidliu:audioswitch:89582c47c9a04c62f90aa5e57251af4800a62c9a] AndroidManifest.xml:9:5-11:38
140        android:name="android.permission.BLUETOOTH"
140-->[com.github.davidliu:audioswitch:89582c47c9a04c62f90aa5e57251af4800a62c9a] AndroidManifest.xml:10:9-52
141        android:maxSdkVersion="30" />
141-->[com.github.davidliu:audioswitch:89582c47c9a04c62f90aa5e57251af4800a62c9a] AndroidManifest.xml:11:9-35
142
143    <uses-feature
143-->[com.journeyapps:zxing-android-embedded:4.3.0] AndroidManifest.xml:39:5-41:36
144        android:name="android.hardware.screen.landscape"
144-->[com.journeyapps:zxing-android-embedded:4.3.0] AndroidManifest.xml:40:9-57
145        android:required="false" />
145-->[com.journeyapps:zxing-android-embedded:4.3.0] AndroidManifest.xml:41:9-33
146    <uses-feature
146-->[com.journeyapps:zxing-android-embedded:4.3.0] AndroidManifest.xml:42:5-44:36
147        android:name="android.hardware.wifi"
147-->[com.journeyapps:zxing-android-embedded:4.3.0] AndroidManifest.xml:43:9-45
148        android:required="false" />
148-->[com.journeyapps:zxing-android-embedded:4.3.0] AndroidManifest.xml:44:9-33
149
150    <application
151        android:name="android.app.Application"
151-->src\main\AndroidManifest.xml:37:9-42
152        android:allowBackup="false"
152-->src\main\AndroidManifest.xml:41:9-36
153        android:appComponentFactory="androidx.core.app.CoreComponentFactory"
153-->[androidx.core:core:1.13.1] AndroidManifest.xml:28:18-86
154        android:enableOnBackInvokedCallback="false"
154-->src\main\AndroidManifest.xml:40:9-52
155        android:extractNativeLibs="false"
156        android:fullBackupOnly="false"
156-->src\main\AndroidManifest.xml:42:9-39
157        android:icon="@mipmap/ic_launcher"
157-->src\main\AndroidManifest.xml:43:9-43
158        android:label="BeiMo"
158-->src\main\AndroidManifest.xml:36:9-30
159        android:requestLegacyExternalStorage="true"
159-->src\main\AndroidManifest.xml:39:9-52
160        android:usesCleartextTraffic="true" >
160-->src\main\AndroidManifest.xml:38:9-44
161        <activity
161-->src\main\AndroidManifest.xml:44:9-74:20
162            android:name="com.chatapp.beimo.MainActivity"
162-->src\main\AndroidManifest.xml:45:13-41
163            android:configChanges="orientation|keyboardHidden|keyboard|screenSize|smallestScreenSize|locale|layoutDirection|fontScale|screenLayout|density|uiMode"
163-->src\main\AndroidManifest.xml:49:13-163
164            android:exported="true"
164-->src\main\AndroidManifest.xml:46:13-36
165            android:hardwareAccelerated="true"
165-->src\main\AndroidManifest.xml:50:13-47
166            android:launchMode="singleTop"
166-->src\main\AndroidManifest.xml:47:13-43
167            android:theme="@style/LaunchTheme"
167-->src\main\AndroidManifest.xml:48:13-47
168            android:windowSoftInputMode="adjustResize" >
168-->src\main\AndroidManifest.xml:51:13-55
169
170            <!--
171                 Specifies an Android theme to apply to this Activity as soon as
172                 the Android process has started. This theme is visible to the user
173                 while the Flutter UI initializes. After that, this theme continues
174                 to determine the Window background behind the Flutter UI.
175            -->
176            <meta-data
176-->src\main\AndroidManifest.xml:56:13-59:17
177                android:name="io.flutter.embedding.android.NormalTheme"
177-->src\main\AndroidManifest.xml:57:15-70
178                android:resource="@style/NormalTheme" />
178-->src\main\AndroidManifest.xml:58:15-52
179            <meta-data
179-->src\main\AndroidManifest.xml:61:13-104
180                android:name="android.webkit.WebView.EnableSafeBrowsing"
180-->src\main\AndroidManifest.xml:61:24-80
181                android:value="true" />
181-->src\main\AndroidManifest.xml:61:81-101
182
183            <intent-filter>
183-->src\main\AndroidManifest.xml:62:13-65:29
184                <action android:name="android.intent.action.MAIN" />
184-->src\main\AndroidManifest.xml:63:17-68
184-->src\main\AndroidManifest.xml:63:25-66
185
186                <category android:name="android.intent.category.LAUNCHER" />
186-->src\main\AndroidManifest.xml:64:17-76
186-->src\main\AndroidManifest.xml:64:27-74
187            </intent-filter>
188
189            <meta-data
189-->src\main\AndroidManifest.xml:66:13-90
190                android:name="flutter deeplinking_enabled"
190-->src\main\AndroidManifest.xml:66:24-66
191                android:value="true" />
191-->src\main\AndroidManifest.xml:66:67-87
192
193            <intent-filter android:autoVerify="true" >
193-->src\main\AndroidManifest.xml:67:13-73:29
193-->src\main\AndroidManifest.xml:67:28-53
194                <action android:name="android.intent.action.VIEW" />
194-->src\main\AndroidManifest.xml:101:13-65
194-->src\main\AndroidManifest.xml:101:21-62
195
196                <category android:name="android.intent.category.DEFAULT" />
196-->src\main\AndroidManifest.xml:69:17-75
196-->src\main\AndroidManifest.xml:69:27-73
197                <category android:name="android.intent.category.BROWSABLE" />
197-->src\main\AndroidManifest.xml:113:13-74
197-->src\main\AndroidManifest.xml:113:23-71
198
199                <data
199-->src\main\AndroidManifest.xml:98:13-50
200                    android:host="meyaoo.page.link"
200-->src\main\AndroidManifest.xml:71:45-76
201                    android:scheme="http" />
201-->src\main\AndroidManifest.xml:71:23-44
202                <data
202-->src\main\AndroidManifest.xml:98:13-50
203                    android:host="meyaoo.page.link"
203-->src\main\AndroidManifest.xml:71:45-76
204                    android:scheme="https" />
204-->src\main\AndroidManifest.xml:71:23-44
205            </intent-filter>
206        </activity>
207
208        <meta-data
208-->src\main\AndroidManifest.xml:75:9-101
209            android:name="com.onesignal.NotificationOpened.DEFAULT"
209-->src\main\AndroidManifest.xml:75:20-75
210            android:value="ENABLE" />
210-->src\main\AndroidManifest.xml:75:76-98
211        <meta-data
211-->src\main\AndroidManifest.xml:76:9-147
212            android:name="com.onesignal.NotificationServiceExtension"
212-->src\main\AndroidManifest.xml:76:20-77
213            android:value="com.onesignal.flutter.NotificationServiceExtension" />
213-->src\main\AndroidManifest.xml:76:78-144
214        <meta-data
214-->src\main\AndroidManifest.xml:77:9-102
215            android:name="com.onesignal.NotificationSound"
215-->src\main\AndroidManifest.xml:77:20-66
216            android:resource="@raw/ringtone" />
216-->src\main\AndroidManifest.xml:77:67-99
217        <meta-data
217-->src\main\AndroidManifest.xml:78:9-80:45
218            android:name="com.google.firebase.messaging.default_notification_channel_id"
218-->src\main\AndroidManifest.xml:79:17-93
219            android:value="meyaooapp" />
219-->src\main\AndroidManifest.xml:80:17-42
220        <!--
221             Don't delete the meta-data below.
222             This is used by the Flutter tool to generate GeneratedPluginRegistrant.java
223        -->
224        <meta-data
224-->src\main\AndroidManifest.xml:83:9-84:56
225            android:name="com.google.android.geo.API_KEY"
225-->src\main\AndroidManifest.xml:83:20-65
226            android:value="your_google_map_key_here" /> <!-- You have to add here your google map key to share location -->
226-->src\main\AndroidManifest.xml:84:13-53
227        <meta-data
227-->src\main\AndroidManifest.xml:85:9-87:33
228            android:name="flutterEmbedding"
228-->src\main\AndroidManifest.xml:86:13-44
229            android:value="2" />
229-->src\main\AndroidManifest.xml:87:13-30
230
231        <service
231-->[:firebase_auth] AndroidManifest.xml:10:9-14:19
232            android:name="com.google.firebase.components.ComponentDiscoveryService"
232-->[:firebase_auth] AndroidManifest.xml:10:18-89
233            android:directBootAware="true"
233-->[com.google.firebase:firebase-common:20.4.3] AndroidManifest.xml:32:13-43
234            android:exported="false" >
234-->[com.google.firebase:firebase-auth:22.3.1] AndroidManifest.xml:68:13-37
235            <meta-data
235-->[:firebase_auth] AndroidManifest.xml:11:13-13:85
236                android:name="com.google.firebase.components:io.flutter.plugins.firebase.auth.FlutterFirebaseAuthRegistrar"
236-->[:firebase_auth] AndroidManifest.xml:12:17-124
237                android:value="com.google.firebase.components.ComponentRegistrar" />
237-->[:firebase_auth] AndroidManifest.xml:13:17-82
238            <meta-data
238-->[:firebase_messaging] AndroidManifest.xml:38:13-40:85
239                android:name="com.google.firebase.components:io.flutter.plugins.firebase.messaging.FlutterFirebaseAppRegistrar"
239-->[:firebase_messaging] AndroidManifest.xml:39:17-128
240                android:value="com.google.firebase.components.ComponentRegistrar" />
240-->[:firebase_messaging] AndroidManifest.xml:40:17-82
241            <meta-data
241-->[:firebase_core] AndroidManifest.xml:11:13-13:85
242                android:name="com.google.firebase.components:io.flutter.plugins.firebase.core.FlutterFirebaseCoreRegistrar"
242-->[:firebase_core] AndroidManifest.xml:12:17-124
243                android:value="com.google.firebase.components.ComponentRegistrar" />
243-->[:firebase_core] AndroidManifest.xml:13:17-82
244            <meta-data
244-->[com.google.firebase:firebase-auth:22.3.1] AndroidManifest.xml:69:13-71:85
245                android:name="com.google.firebase.components:com.google.firebase.auth.FirebaseAuthRegistrar"
245-->[com.google.firebase:firebase-auth:22.3.1] AndroidManifest.xml:70:17-109
246                android:value="com.google.firebase.components.ComponentRegistrar" />
246-->[com.google.firebase:firebase-auth:22.3.1] AndroidManifest.xml:71:17-82
247            <meta-data
247-->[com.google.firebase:firebase-messaging:23.4.1] AndroidManifest.xml:57:13-59:85
248                android:name="com.google.firebase.components:com.google.firebase.messaging.FirebaseMessagingKtxRegistrar"
248-->[com.google.firebase:firebase-messaging:23.4.1] AndroidManifest.xml:58:17-122
249                android:value="com.google.firebase.components.ComponentRegistrar" />
249-->[com.google.firebase:firebase-messaging:23.4.1] AndroidManifest.xml:59:17-82
250            <meta-data
250-->[com.google.firebase:firebase-messaging:23.4.1] AndroidManifest.xml:60:13-62:85
251                android:name="com.google.firebase.components:com.google.firebase.messaging.FirebaseMessagingRegistrar"
251-->[com.google.firebase:firebase-messaging:23.4.1] AndroidManifest.xml:61:17-119
252                android:value="com.google.firebase.components.ComponentRegistrar" />
252-->[com.google.firebase:firebase-messaging:23.4.1] AndroidManifest.xml:62:17-82
253            <meta-data
253-->[com.google.firebase:firebase-iid:21.1.0] AndroidManifest.xml:32:13-34:85
254                android:name="com.google.firebase.components:com.google.firebase.iid.Registrar"
254-->[com.google.firebase:firebase-iid:21.1.0] AndroidManifest.xml:33:17-96
255                android:value="com.google.firebase.components.ComponentRegistrar" />
255-->[com.google.firebase:firebase-iid:21.1.0] AndroidManifest.xml:34:17-82
256            <meta-data
256-->[com.google.firebase:firebase-installations:17.2.0] AndroidManifest.xml:15:13-17:85
257                android:name="com.google.firebase.components:com.google.firebase.installations.FirebaseInstallationsKtxRegistrar"
257-->[com.google.firebase:firebase-installations:17.2.0] AndroidManifest.xml:16:17-130
258                android:value="com.google.firebase.components.ComponentRegistrar" />
258-->[com.google.firebase:firebase-installations:17.2.0] AndroidManifest.xml:17:17-82
259            <meta-data
259-->[com.google.firebase:firebase-installations:17.2.0] AndroidManifest.xml:18:13-20:85
260                android:name="com.google.firebase.components:com.google.firebase.installations.FirebaseInstallationsRegistrar"
260-->[com.google.firebase:firebase-installations:17.2.0] AndroidManifest.xml:19:17-127
261                android:value="com.google.firebase.components.ComponentRegistrar" />
261-->[com.google.firebase:firebase-installations:17.2.0] AndroidManifest.xml:20:17-82
262            <meta-data
262-->[com.google.firebase:firebase-common-ktx:20.4.3] AndroidManifest.xml:12:13-14:85
263                android:name="com.google.firebase.components:com.google.firebase.ktx.FirebaseCommonLegacyRegistrar"
263-->[com.google.firebase:firebase-common-ktx:20.4.3] AndroidManifest.xml:13:17-116
264                android:value="com.google.firebase.components.ComponentRegistrar" />
264-->[com.google.firebase:firebase-common-ktx:20.4.3] AndroidManifest.xml:14:17-82
265            <meta-data
265-->[com.google.firebase:firebase-common:20.4.3] AndroidManifest.xml:35:13-37:85
266                android:name="com.google.firebase.components:com.google.firebase.FirebaseCommonKtxRegistrar"
266-->[com.google.firebase:firebase-common:20.4.3] AndroidManifest.xml:36:17-109
267                android:value="com.google.firebase.components.ComponentRegistrar" />
267-->[com.google.firebase:firebase-common:20.4.3] AndroidManifest.xml:37:17-82
268            <meta-data
268-->[com.google.firebase:firebase-datatransport:18.1.7] AndroidManifest.xml:27:13-29:85
269                android:name="com.google.firebase.components:com.google.firebase.datatransport.TransportRegistrar"
269-->[com.google.firebase:firebase-datatransport:18.1.7] AndroidManifest.xml:28:17-115
270                android:value="com.google.firebase.components.ComponentRegistrar" />
270-->[com.google.firebase:firebase-datatransport:18.1.7] AndroidManifest.xml:29:17-82
271        </service>
272        <service